<?xml version="1.0" encoding="UTF-8" ?>
<testsuite failures="2" time="0.038" errors="0" skipped="0" tests="2" name="project.item.us.TestForm">
  <properties>
    <property name="java.vm.vendor.url.bug" value="http://edocs.bea.com/jrockit/go2troubleshooting.html"/>
    <property name="java.runtime.name" value="Java(TM) SE Runtime Environment"/>
    <property name="sun.boot.library.path" value="C:\bea103_1\jrockit_160_05\jre\bin"/>
    <property name="java.vm.version" value="R27.6.0-50_o-100423-1.6.0_05-20080626-2105-windows-ia32"/>
    <property name="java.vm.vendor" value="BEA Systems, Inc."/>
    <property name="java.vendor.url" value="http://www.bea.com/"/>
    <property name="path.separator" value=";"/>
    <property name="guice.disable.misplaced.annotation.check" value="true"/>
    <property name="java.vm.name" value="BEA JRockit(R)"/>
    <property name="file.encoding.pkg" value="sun.io"/>
    <property name="user.country" value="US"/>
    <property name="sun.java.launcher" value="SUN_STANDARD"/>
    <property name="sun.os.patch.level" value="Service Pack 3"/>
    <property name="java.vm.vendor.url" value="http://www.bea.com/"/>
    <property name="java.vm.specification.name" value="Java Virtual Machine Specification"/>
    <property name="user.dir" value="C:\Users\dkoudlo\workspace-goog\seleniumTester"/>
    <property name="java.runtime.version" value="1.6.0_05-b13"/>
    <property name="java.awt.graphicsenv" value="sun.awt.Win32GraphicsEnvironment"/>
    <property name="java.endorsed.dirs" value="C:\bea103_1\jrockit_160_05\jre\lib\endorsed"/>
    <property name="os.arch" value="x86"/>
    <property name="java.io.tmpdir" value="C:\Users\dkoudlo\AppData\Local\Temp\"/>
    <property name="line.separator" value="
"/>
    <property name="java.vm.specification.vendor" value="Sun Microsystems Inc."/>
    <property name="user.variant" value=""/>
    <property name="os.name" value="Windows XP"/>
    <property name="classworlds.conf" value="C:\apache-maven-3.0.3\bin\m2.conf"/>
    <property name="sun.jnu.encoding" value="Cp1252"/>
    <property name="java.library.path" value="C:\bea103_1\jrockit_160_05\bin;.;C:\Windows\system32;C:\Windows;C:\Program Files (x86)\SenchaSDKTools-2.0.0-beta3;C:\bea103_1\jrockit_160_05\bin;C:\apache-maven-3.0.3\bin;C:\Windows\System32;C:\Python27;C:\Program Files\ThinkPad\Bluetooth Software\;C:\Program Files\ThinkPad\Bluetooth Software\syswow64;C:\Program Files (x86)\SenchaSDKTools-1.2.1\command;C:\Program Files (x86)\SenchaSDKTools-1.2.1;C:\Program Files (x86)\QuickTime\QTSystem\;C:\Program Files\CREDANT\Shield v7.1\;C:\Program Files (x86)\CVSNT\;C:\Program Files (x86)\SSH Communications Security\SSH Secure Shell;C:\Program Files (x86)\Google\google_appengine\"/>
    <property name="java.specification.name" value="Java Platform API Specification"/>
    <property name="java.class.version" value="50.0"/>
    <property name="sun.management.compiler" value="BEA JRockit(R) Optimizing Compiler"/>
    <property name="os.version" value="5.1"/>
    <property name="user.home" value="C:\Users\dkoudlo"/>
    <property name="user.timezone" value="America/Los_Angeles"/>
    <property name="java.awt.printerjob" value="sun.awt.windows.WPrinterJob"/>
    <property name="java.specification.version" value="1.6"/>
    <property name="file.encoding" value="Cp1252"/>
    <property name="user.name" value="dkoudlo"/>
    <property name="java.class.path" value="C:\apache-maven-3.0.3\boot\plexus-classworlds-2.4.jar"/>
    <property name="java.vm.specification.version" value="1.0"/>
    <property name="sun.arch.data.model" value="32"/>
    <property name="java.home" value="C:\bea103_1\jrockit_160_05\jre"/>
    <property name="java.specification.vendor" value="Sun Microsystems Inc."/>
    <property name="user.language" value="en"/>
    <property name="awt.toolkit" value="sun.awt.windows.WToolkit"/>
    <property name="java.vm.info" value="compiled mode"/>
    <property name="java.version" value="1.6.0_05"/>
    <property name="java.ext.dirs" value="C:\bea103_1\jrockit_160_05\jre\lib\ext"/>
    <property name="sun.boot.class.path" value="C:\bea103_1\jrockit_160_05\jre\bin\jrockit\jrockit1.6.0.jar;C:\bea103_1\jrockit_160_05\jre\bin\jrockit\jmapi.jar;C:\bea103_1\jrockit_160_05\jre\bin\jrockit\jmxmapi.jar;C:\bea103_1\jrockit_160_05\jre\bin\jrockit\rmp.jar;C:\bea103_1\jrockit_160_05\jre\bin\jrockit\latency.jar;C:\bea103_1\jrockit_160_05\jre\lib\resources.jar;C:\bea103_1\jrockit_160_05\jre\lib\rt.jar;C:\bea103_1\jrockit_160_05\jre\lib\sunrsasign.jar;C:\bea103_1\jrockit_160_05\jre\lib\jsse.jar;C:\bea103_1\jrockit_160_05\jre\lib\jce.jar;C:\bea103_1\jrockit_160_05\jre\lib\charsets.jar;C:\bea103_1\jrockit_160_05\jre\classes"/>
    <property name="java.vendor" value="BEA Systems, Inc."/>
    <property name="maven.home" value="C:\apache-maven-3.0.3"/>
    <property name="file.separator" value="\"/>
    <property name="java.vendor.url.bug" value="http://edocs.bea.com/jrockit/go2troubleshooting.html"/>
    <property name="sun.cpu.endian" value="little"/>
    <property name="sun.io.unicode.encoding" value="UnicodeLittle"/>
    <property name="sun.desktop" value="windows"/>
    <property name="sun.cpu.isalist" value="pentium_pro+mmx pentium_pro pentium+mmx pentium i486 i386 i86"/>
  </properties>
  <testcase time="0.037" classname="project.item.us.TestForm" name="testFooter">
    <failure message="this test needs to be written" type="java.lang.AssertionError">java.lang.AssertionError: this test needs to be written
	at org.junit.Assert.fail(Assert.java:91)
	at project.modules.FormFooterModule.testFooterText(FormFooterModule.java:45)
	at project.item.us.TestForm.testFooter(TestForm.java:41)
	at sun.reflect.NativeMethodAccessorImpl.invoke0(Native Method)
	at sun.reflect.NativeMethodAccessorImpl.invoke(NativeMethodAccessorImpl.java:39)
	at sun.reflect.DelegatingMethodAccessorImpl.invoke(DelegatingMethodAccessorImpl.java:25)
	at java.lang.reflect.Method.invoke(Method.java:597)
	at org.junit.runners.model.FrameworkMethod$1.runReflectiveCall(FrameworkMethod.java:44)
	at org.junit.internal.runners.model.ReflectiveCallable.run(ReflectiveCallable.java:15)
	at org.junit.runners.model.FrameworkMethod.invokeExplosively(FrameworkMethod.java:41)
	at org.junit.internal.runners.statements.InvokeMethod.evaluate(InvokeMethod.java:20)
	at org.junit.internal.runners.statements.RunBefores.evaluate(RunBefores.java:28)
	at org.junit.internal.runners.statements.RunAfters.evaluate(RunAfters.java:31)
	at com.google.guiceberry.junit4.GuiceBerryRule$1.evaluate(GuiceBerryRule.java:55)
	at org.junit.runners.BlockJUnit4ClassRunner.runNotIgnored(BlockJUnit4ClassRunner.java:79)
	at org.junit.runners.BlockJUnit4ClassRunner.runChild(BlockJUnit4ClassRunner.java:71)
	at org.junit.runners.BlockJUnit4ClassRunner.runChild(BlockJUnit4ClassRunner.java:49)
	at org.junit.runners.ParentRunner$3.run(ParentRunner.java:193)
	at org.junit.runners.ParentRunner$1.schedule(ParentRunner.java:52)
	at org.junit.runners.ParentRunner.runChildren(ParentRunner.java:191)
	at org.junit.runners.ParentRunner.access$000(ParentRunner.java:42)
	at org.junit.runners.ParentRunner$2.evaluate(ParentRunner.java:184)
	at org.junit.runners.ParentRunner.run(ParentRunner.java:236)
	at org.junit.runners.Suite.runChild(Suite.java:128)
	at org.junit.runners.Suite.runChild(Suite.java:24)
	at org.junit.runners.ParentRunner$3.run(ParentRunner.java:193)
	at java.util.concurrent.Executors$RunnableAdapter.call(Executors.java:441)
	at java.util.concurrent.FutureTask$Sync.innerRun(FutureTask.java:303)
	at java.util.concurrent.FutureTask.run(FutureTask.java:138)
	at java.util.concurrent.ThreadPoolExecutor$Worker.runTask(ThreadPoolExecutor.java:885)
	at java.util.concurrent.ThreadPoolExecutor$Worker.run(ThreadPoolExecutor.java:907)
	at java.lang.Thread.run(Thread.java:619)
</failure>
    <system-out>Running tests: project.item.us.TestForm
Footer Module goToPageMethod(), url ishttp://www.google.com
Footer Module testFooterText()
Finished tests: project.item.us.TestForm
</system-out>
    <system-err>log4j:WARN No appenders could be found for logger (org.apache.http.impl.conn.tsccm.ThreadSafeClientConnManager).
log4j:WARN Please initialize the log4j system properly.
log4j:WARN See http://logging.apache.org/log4j/1.2/faq.html#noconfig for more info.
</system-err>
  </testcase>
  <testcase time="0.001" classname="project.item.us.TestForm" name="testHeader">
    <failure message="this test needs to be written" type="java.lang.AssertionError">java.lang.AssertionError: this test needs to be written
	at org.junit.Assert.fail(Assert.java:91)
	at project.modules.FormHeaderModule.testHeaderText(FormHeaderModule.java:56)
	at project.item.us.TestForm.testHeader(TestForm.java:49)
	at sun.reflect.NativeMethodAccessorImpl.invoke0(Native Method)
	at sun.reflect.NativeMethodAccessorImpl.invoke(NativeMethodAccessorImpl.java:39)
	at sun.reflect.DelegatingMethodAccessorImpl.invoke(DelegatingMethodAccessorImpl.java:25)
	at java.lang.reflect.Method.invoke(Method.java:597)
	at org.junit.runners.model.FrameworkMethod$1.runReflectiveCall(FrameworkMethod.java:44)
	at org.junit.internal.runners.model.ReflectiveCallable.run(ReflectiveCallable.java:15)
	at org.junit.runners.model.FrameworkMethod.invokeExplosively(FrameworkMethod.java:41)
	at org.junit.internal.runners.statements.InvokeMethod.evaluate(InvokeMethod.java:20)
	at org.junit.internal.runners.statements.RunBefores.evaluate(RunBefores.java:28)
	at org.junit.internal.runners.statements.RunAfters.evaluate(RunAfters.java:31)
	at com.google.guiceberry.junit4.GuiceBerryRule$1.evaluate(GuiceBerryRule.java:55)
	at org.junit.runners.BlockJUnit4ClassRunner.runNotIgnored(BlockJUnit4ClassRunner.java:79)
	at org.junit.runners.BlockJUnit4ClassRunner.runChild(BlockJUnit4ClassRunner.java:71)
	at org.junit.runners.BlockJUnit4ClassRunner.runChild(BlockJUnit4ClassRunner.java:49)
	at org.junit.runners.ParentRunner$3.run(ParentRunner.java:193)
	at org.junit.runners.ParentRunner$1.schedule(ParentRunner.java:52)
	at org.junit.runners.ParentRunner.runChildren(ParentRunner.java:191)
	at org.junit.runners.ParentRunner.access$000(ParentRunner.java:42)
	at org.junit.runners.ParentRunner$2.evaluate(ParentRunner.java:184)
	at org.junit.runners.ParentRunner.run(ParentRunner.java:236)
	at org.junit.runners.Suite.runChild(Suite.java:128)
	at org.junit.runners.Suite.runChild(Suite.java:24)
	at org.junit.runners.ParentRunner$3.run(ParentRunner.java:193)
	at java.util.concurrent.Executors$RunnableAdapter.call(Executors.java:441)
	at java.util.concurrent.FutureTask$Sync.innerRun(FutureTask.java:303)
	at java.util.concurrent.FutureTask.run(FutureTask.java:138)
	at java.util.concurrent.ThreadPoolExecutor$Worker.runTask(ThreadPoolExecutor.java:885)
	at java.util.concurrent.ThreadPoolExecutor$Worker.run(ThreadPoolExecutor.java:907)
	at java.lang.Thread.run(Thread.java:619)
</failure>
    <system-out>Running tests: project.item.us.TestForm
Footer Header goToPageMethod(), url ishttp://www.yahoo.com
Footer Header testFooterText()
Finished tests: project.item.us.TestForm
</system-out>
  </testcase>
</testsuite>